<html>
<head>
<title>TestNG:  Default test</title>
<link href="../testng.css" rel="stylesheet" type="text/css" />
<link href="../my-testng.css" rel="stylesheet" type="text/css" />

<style type="text/css">
.log { display: none;} 
.stack-trace { display: none;} 
</style>
<script type="text/javascript">
<!--
function flip(e) {
  current = e.style.display;
  if (current == 'block') {
    e.style.display = 'none';
    return 0;
  }
  else {
    e.style.display = 'block';
    return 1;
  }
}

function toggleBox(szDivId, elem, msg1, msg2)
{
  var res = -1;  if (document.getElementById) {
    res = flip(document.getElementById(szDivId));
  }
  else if (document.all) {
    // this is the way old msie versions work
    res = flip(document.all[szDivId]);
  }
  if(elem) {
    if(res == 0) elem.innerHTML = msg1; else elem.innerHTML = msg2;
  }

}

function toggleAllBoxes() {
  if (document.getElementsByTagName) {
    d = document.getElementsByTagName('div');
    for (i = 0; i < d.length; i++) {
      if (d[i].className == 'log') {
        flip(d[i]);
      }
    }
  }
}

// -->
</script>

</head>
<body>
<h2 align='center'>Default test</h2><table border='1' align="center">
<tr>
<td>Tests passed/Failed/Skipped:</td><td>0/1/0</td>
</tr><tr>
<td>Started on:</td><td>Fri Mar 10 18:29:15 CET 2023</td>
</tr>
<tr><td>Total time:</td><td>3 seconds (3857 ms)</td>
</tr><tr>
<td>Included groups:</td><td></td>
</tr><tr>
<td>Excluded groups:</td><td></td>
</tr>
</table><p/>
<small><i>(Hover the method name to see the test class name)</i></small><p/>
<table width='100%' border='1' class='invocation-failed'>
<tr><td colspan='4' align='center'><b>FAILED TESTS</b></td></tr>
<tr><td><b>Test method</b></td>
<td width="30%"><b>Exception</b></td>
<td width="10%"><b>Time (seconds)</b></td>
<td><b>Instance</b></td>
</tr>
<tr>
<td title='BDDAutomationExerciseStep.Runner.runScenario()'><b>runScenario</b><br>Test class: BDDAutomationExerciseStep.Runner<br>Test method: Runs Cucumber Scenarios<br>Parameters: "Verify the functionality add product in cart", "Optional[Add Products In Cart Feature12]"</td>
<td><div><pre>org.openqa.selenium.remote.http.ConnectionFailedException: Unable to establish websocket connection to http://localhost:61436/devtools/browser/af483493-3ac0-441a-bffb-4ad323ed5683
Build info: version: &apos;4.0.0&apos;, revision: &apos;3a21814679&apos;
System info: host: &apos;MOHAMEDALI&apos;, ip: &apos;192.168.1.114&apos;, os.name: &apos;Windows 11&apos;, os.arch: &apos;amd64&apos;, os.version: &apos;10.0&apos;, java.version: &apos;11.0.16.1&apos;
Driver info: driver.version: ChromeDriver
	at org.openqa.selenium.remote.http.netty.NettyWebSocket.&lt;init&gt;(NettyWebSocket.java:104)
	at org.openqa.selenium.remote.http.netty.NettyWebSocket.lambda$create$3(NettyWebSocket.java:137)
	at org.openqa.selenium.remote.http.netty.NettyClient.openSocket(NettyClient.java:127)
	at org.openqa.selenium.devtools.Connection.&lt;init&gt;(Connection.java:77)
	at org.openqa.selenium.chromium.ChromiumDriver.lambda$new$2(ChromiumDriver.java:124)
	at java.base/java.util.Optional.map(Optional.java:265)
	at org.openqa.selenium.chromium.ChromiumDriver.&lt;init&gt;(ChromiumDriver.java:122)
	at org.openqa.selenium.chrome.ChromeDriver.&lt;init&gt;(ChromeDriver.java:104)
	at org.openqa.selenium.chrome.ChromeDriver.&lt;init&gt;(ChromeDriver.java:91)
	at org.openqa.selenium.chrome.ChromeDriver.&lt;init&gt;(ChromeDriver.java:46)
	at BDDAutomationExercisePage.Browser.getDriver(Browser.java:28)
	at BDDAutomationExercisePage.BasePage.lauchBrowser(BasePage.java:34)
	at BDDAutomationExerciseStep.RegisterUserSteps.user_opens_his_browser_from_through(RegisterUserSteps.java:28)
	at ✽.user opens his browser from &quot;Feuil1&quot; through 0(file:///C:/Users/moham/eclipse-workspace/BDDAutomationExerciseProject/src/test/resources/features/AddProductsInCartFeature12.feature:6)
</pre></div><a href='#' onClick='toggleBox("stack-trace541713794", this, "Click to show all stack frames", "Click to hide stack frames")'>Click to show all stack frames</a>
<div class='stack-trace' id='stack-trace541713794'><pre>org.openqa.selenium.remote.http.ConnectionFailedException: Unable to establish websocket connection to http://localhost:61436/devtools/browser/af483493-3ac0-441a-bffb-4ad323ed5683
Build info: version: &apos;4.0.0&apos;, revision: &apos;3a21814679&apos;
System info: host: &apos;MOHAMEDALI&apos;, ip: &apos;192.168.1.114&apos;, os.name: &apos;Windows 11&apos;, os.arch: &apos;amd64&apos;, os.version: &apos;10.0&apos;, java.version: &apos;11.0.16.1&apos;
Driver info: driver.version: ChromeDriver
	at org.openqa.selenium.remote.http.netty.NettyWebSocket.&lt;init&gt;(NettyWebSocket.java:104)
	at org.openqa.selenium.remote.http.netty.NettyWebSocket.lambda$create$3(NettyWebSocket.java:137)
	at org.openqa.selenium.remote.http.netty.NettyClient.openSocket(NettyClient.java:127)
	at org.openqa.selenium.devtools.Connection.&lt;init&gt;(Connection.java:77)
	at org.openqa.selenium.chromium.ChromiumDriver.lambda$new$2(ChromiumDriver.java:124)
	at java.base/java.util.Optional.map(Optional.java:265)
	at org.openqa.selenium.chromium.ChromiumDriver.&lt;init&gt;(ChromiumDriver.java:122)
	at org.openqa.selenium.chrome.ChromeDriver.&lt;init&gt;(ChromeDriver.java:104)
	at org.openqa.selenium.chrome.ChromeDriver.&lt;init&gt;(ChromeDriver.java:91)
	at org.openqa.selenium.chrome.ChromeDriver.&lt;init&gt;(ChromeDriver.java:46)
	at BDDAutomationExercisePage.Browser.getDriver(Browser.java:28)
	at BDDAutomationExercisePage.BasePage.lauchBrowser(BasePage.java:34)
	at BDDAutomationExerciseStep.RegisterUserSteps.user_opens_his_browser_from_through(RegisterUserSteps.java:28)
	at ✽.user opens his browser from &quot;Feuil1&quot; through 0(file:///C:/Users/moham/eclipse-workspace/BDDAutomationExerciseProject/src/test/resources/features/AddProductsInCartFeature12.feature:6)
</pre></div></td>
<td>2</td>
<td>BDDAutomationExerciseStep.Runner@3527942a</td></tr>
</table><p>
</body>
</html>