<?xml version="1.0" encoding="UTF-8"?>
<!-- Generated by org.testng.reporters.JUnitReportReporter -->
<testsuite hostname="MohamedAli" failures="0" tests="1" name="BDDAutomationExerciseStep.Runner" time="2.986" errors="1" timestamp="2023-03-10T18:29:18 CET" skipped="0">
  <testcase classname="BDDAutomationExerciseStep.Runner" name="runScenario" time="2.986">
    <error message="Unable to establish websocket connection to http://localhost:61436/devtools/browser/af483493-3ac0-441a-bffb-4ad323ed5683
Build info: version: &#039;4.0.0&#039;, revision: &#039;3a21814679&#039;
System info: host: &#039;MOHAMEDALI&#039;, ip: &#039;192.168.1.114&#039;, os.name: &#039;Windows 11&#039;, os.arch: &#039;amd64&#039;, os.version: &#039;10.0&#039;, java.version: &#039;11.0.16.1&#039;
Driver info: driver.version: ChromeDriver" type="org.openqa.selenium.remote.http.ConnectionFailedException">
      <![CDATA[org.openqa.selenium.remote.http.ConnectionFailedException: Unable to establish websocket connection to http://localhost:61436/devtools/browser/af483493-3ac0-441a-bffb-4ad323ed5683
Build info: version: '4.0.0', revision: '3a21814679'
System info: host: 'MOHAMEDALI', ip: '192.168.1.114', os.name: 'Windows 11', os.arch: 'amd64', os.version: '10.0', java.version: '11.0.16.1'
Driver info: driver.version: ChromeDriver
at org.openqa.selenium.remote.http.netty.NettyWebSocket.<init>(NettyWebSocket.java:104)
at org.openqa.selenium.remote.http.netty.NettyWebSocket.lambda$create$3(NettyWebSocket.java:137)
at org.openqa.selenium.remote.http.netty.NettyClient.openSocket(NettyClient.java:127)
at org.openqa.selenium.devtools.Connection.<init>(Connection.java:77)
at org.openqa.selenium.chromium.ChromiumDriver.lambda$new$2(ChromiumDriver.java:124)
at java.base/java.util.Optional.map(Optional.java:265)
at org.openqa.selenium.chromium.ChromiumDriver.<init>(ChromiumDriver.java:122)
at org.openqa.selenium.chrome.ChromeDriver.<init>(ChromeDriver.java:104)
at org.openqa.selenium.chrome.ChromeDriver.<init>(ChromeDriver.java:91)
at org.openqa.selenium.chrome.ChromeDriver.<init>(ChromeDriver.java:46)
at BDDAutomationExercisePage.Browser.getDriver(Browser.java:28)
at BDDAutomationExercisePage.BasePage.lauchBrowser(BasePage.java:34)
at BDDAutomationExerciseStep.RegisterUserSteps.user_opens_his_browser_from_through(RegisterUserSteps.java:28)
at âœ½.user opens his browser from "Feuil1" through 0(file:///C:/Users/moham/eclipse-workspace/BDDAutomationExerciseProject/src/test/resources/features/AddProductsInCartFeature12.feature:6)
]]>
    </error>
  </testcase> <!-- runScenario -->
  <system-out/>
</testsuite> <!-- BDDAutomationExerciseStep.Runner -->
